<?xml version="1.0" encoding="UTF-8"?>
<!-- Generated by org.testng.reporters.JUnitXMLReporter -->
<testsuite hostname="LAPTOP-D2GVCL39" ignored="0" name="Default test" tests="4" failures="0" timestamp="2022-07-22T21:10:03 IST" time="49.021" errors="0">
  <testcase name="verifyUserCanLoginWithProvidedCredentials2" time="16.027" classname="dataprovider.annotation.DataProviderClass2"/>
  <testcase name="verifyUserCanLoginWithProvidedCredentials2" time="10.045" classname="dataprovider.annotation.DataProviderClass2"/>
  <testcase name="verifyUserCanLoginWithProvidedCredentials2" time="11.162" classname="dataprovider.annotation.DataProviderClass2"/>
  <testcase name="verifyUserCanLoginWithProvidedCredentials2" time="9.914" classname="dataprovider.annotation.DataProviderClass2"/>
</testsuite> <!-- Default test -->
