<?xml version="1.0" encoding="UTF-8"?>
<!-- Generated by org.testng.reporters.JUnitXMLReporter -->
<testsuite hostname="LAPTOP-D2GVCL39" ignored="0" name="Default test" tests="3" failures="0" timestamp="2022-07-21T21:46:18 IST" time="0.074" errors="0">
  <testcase name="verifyExistingUserCanBeedited" time="0.009" classname="priority.PriorityClass"/>
  <testcase name="verifyExistingUserCanBeDeleted" time="0.0" classname="priority.PriorityClass"/>
  <testcase name="verifyNewUserCanBeadded" time="0.002" classname="priority.PriorityClass"/>
</testsuite> <!-- Default test -->
