<?xml version="1.0" encoding="UTF-8"?>
<!-- Generated by org.testng.reporters.JUnitXMLReporter -->
<testsuite hostname="LAPTOP-D2GVCL39" ignored="8" name="Regression" tests="6" failures="0" timestamp="2022-07-19T21:37:57 IST" time="0.12" errors="0">
  <testcase name="verifyUserCanLoginWithValidUserNameAndPassword" time="0.007" classname="annotation.AnnotationInTestNG"/>
  <testcase name="verifyUserCanReadEmail" time="0.003" classname="annotation.AnnotationInTestNG"/>
  <testcase name="verifyUserCanSendEmail" time="0.003" classname="annotation.AnnotationInTestNG"/>
  <testcase name="sampleAMethodFromAnnotationInTestNGTwo" time="0.002" classname="annotation.AnnotationInTestNGTwo"/>
  <testcase name="sampleBMethodFromAnnotationInTestNGTwo" time="0.004" classname="annotation.AnnotationInTestNGTwo"/>
  <testcase name="firstTestCase" time="0.001" classname="annotation.AnnotationCCC"/>
  <testcase name="@BeforeTest sampleBeforeTestAnnotationMethod" time="0.0" classname="annotation.TestBase">
    <ignored/>
  </testcase> <!-- @BeforeTest sampleBeforeTestAnnotationMethod -->
  <testcase name="@BeforeTest sampleBeforeTestAnnotationMethod" time="0.0" classname="annotation.TestBase">
    <ignored/>
  </testcase> <!-- @BeforeTest sampleBeforeTestAnnotationMethod -->
  <testcase name="@AfterSuite sampleAfterSuiteAnnotationMethod" time="0.0" classname="annotation.TestBase">
    <ignored/>
  </testcase> <!-- @AfterSuite sampleAfterSuiteAnnotationMethod -->
  <testcase name="@AfterSuite sampleAfterSuiteAnnotationMethod" time="0.0" classname="annotation.TestBase">
    <ignored/>
  </testcase> <!-- @AfterSuite sampleAfterSuiteAnnotationMethod -->
  <testcase name="@AfterTest sampleAfterTestAnnotationMethod" time="0.0" classname="annotation.TestBase">
    <ignored/>
  </testcase> <!-- @AfterTest sampleAfterTestAnnotationMethod -->
  <testcase name="@AfterTest sampleAfterTestAnnotationMethod" time="0.0" classname="annotation.TestBase">
    <ignored/>
  </testcase> <!-- @AfterTest sampleAfterTestAnnotationMethod -->
  <testcase name="@BeforeSuite sampleBeforeSuiteAnnotationMethod" time="0.0" classname="annotation.TestBase">
    <ignored/>
  </testcase> <!-- @BeforeSuite sampleBeforeSuiteAnnotationMethod -->
  <testcase name="@BeforeSuite sampleBeforeSuiteAnnotationMethod" time="0.0" classname="annotation.TestBase">
    <ignored/>
  </testcase> <!-- @BeforeSuite sampleBeforeSuiteAnnotationMethod -->
</testsuite> <!-- Regression -->
