<?xml version="1.0" encoding="UTF-8"?>
<testng-results skipped="0" failed="0" ignored="0" total="3" passed="3">
  <reporter-output>
  </reporter-output>
  <suite name="Default suite" duration-ms="74" started-at="2022-07-21T21:46:18 IST" finished-at="2022-07-21T21:46:18 IST">
    <groups>
    </groups>
    <test name="Default test" duration-ms="74" started-at="2022-07-21T21:46:18 IST" finished-at="2022-07-21T21:46:18 IST">
      <class name="priority.PriorityClass">
        <test-method status="PASS" signature="verifyExistingUserCanBeedited()[pri:2, instance:priority.PriorityClass@a7e666]" name="verifyExistingUserCanBeedited" duration-ms="9" started-at="2022-07-21T21:46:18 IST" finished-at="2022-07-21T21:46:18 IST">
          <reporter-output>
          </reporter-output>
        </test-method> <!-- verifyExistingUserCanBeedited -->
        <test-method status="PASS" signature="verifyExistingUserCanBeDeleted()[pri:3, instance:priority.PriorityClass@a7e666]" name="verifyExistingUserCanBeDeleted" duration-ms="0" started-at="2022-07-21T21:46:18 IST" finished-at="2022-07-21T21:46:18 IST">
          <reporter-output>
          </reporter-output>
        </test-method> <!-- verifyExistingUserCanBeDeleted -->
        <test-method status="PASS" signature="verifyNewUserCanBeadded()[pri:1, instance:priority.PriorityClass@a7e666]" name="verifyNewUserCanBeadded" duration-ms="2" started-at="2022-07-21T21:46:18 IST" depends-on-methods="priority.PriorityClass.verifyExistingUserCanBeDeleted" finished-at="2022-07-21T21:46:18 IST">
          <reporter-output>
          </reporter-output>
        </test-method> <!-- verifyNewUserCanBeadded -->
      </class> <!-- priority.PriorityClass -->
    </test> <!-- Default test -->
  </suite> <!-- Default suite -->
</testng-results>
